- Startup Timestamp: 20250316T140556
- initialize location: 	OW061024_051124ET0.98438

- Batch Processing

- Processing start timestamp: 20250316T140606
- batch start date time: 06/10/2024 13:45:00
  batch stop date time: 05/11/2024 11:45:00
- update from source: OW061024_051124C_NoOutRange.csv
  update duration:  20250316T140606 --> 20250316T140607
- message:
    timestamp:20250316T140608
    from:     EDS
    subject:  Time to process day: 36.2 sec; est. remain: 17.5 min
    content:  07/10/2024 13:30:00

- message:
    timestamp:20250316T140610
    from:     EDS
    subject:  Time to process day: 1.5 sec; est. remain: 8.8 min
    content:  08/10/2024 13:30:00

- message:
    timestamp:20250316T140612
    from:     EDS
    subject:  Time to process day: 1.7 sec; est. remain: 5.9 min
    content:  09/10/2024 13:30:00

- message:
    timestamp:20250316T140613
    from:     EDS
    subject:  Time to process day: 1.9 sec; est. remain: 4.5 min
    content:  10/10/2024 13:30:00

- message:
    timestamp:20250316T140615
    from:     EDS
    subject:  Time to process day: 1.8 sec; est. remain: 3.6 min
    content:  11/10/2024 13:30:00

- message:
    timestamp:20250316T140617
    from:     EDS
    subject:  Time to process day: 1.8 sec; est. remain: 3.0 min
    content:  12/10/2024 13:30:00

- message:
    timestamp:20250316T140619
    from:     EDS
    subject:  Time to process day: 1.8 sec; est. remain: 2.5 min
    content:  13/10/2024 13:30:00

- message:
    timestamp:20250316T140621
    from:     EDS
    subject:  Time to process day: 1.9 sec; est. remain: 2.2 min
    content:  14/10/2024 13:30:00

- message:
    timestamp:20250316T140623
    from:     EDS
    subject:  Time to process day: 1.8 sec; est. remain: 2.0 min
    content:  15/10/2024 13:30:00

- message:
    timestamp:20250316T140625
    from:     EDS
    subject:  Time to process day: 1.7 sec; est. remain: 1.7 min
    content:  16/10/2024 13:30:00

- message:
    timestamp:20250316T140627
    from:     EDS
    subject:  Time to process day: 2.3 sec; est. remain: 1.6 min
    content:  17/10/2024 13:30:00

- message:
    timestamp:20250316T140630
    from:     EDS
    subject:  Time to process day: 2.5 sec; est. remain: 1.4 min
    content:  18/10/2024 13:30:00

- message:
    timestamp:20250316T140632
    from:     EDS
    subject:  Time to process day: 2.6 sec; est. remain: 1.3 min
    content:  19/10/2024 13:30:00

- message:
    timestamp:20250316T140635
    from:     EDS
    subject:  Time to process day: 2.9 sec; est. remain: 1.2 min
    content:  20/10/2024 13:30:00

- message:
    timestamp:20250316T140638
    from:     EDS
    subject:  Time to process day: 2.7 sec; est. remain: 1.1 min
    content:  21/10/2024 13:30:00

- message:
    timestamp:20250316T140640
    from:     EDS
    subject:  Time to process day: 1.8 sec; est. remain: 1.0 min
    content:  22/10/2024 13:30:00

- message:
    timestamp:20250316T140643
    from:     EDS
    subject:  Time to process day: 2.7 sec; est. remain: 0.9 min
    content:  23/10/2024 13:30:00

- message:
    timestamp:20250316T140646
    from:     EDS
    subject:  Time to process day: 3.0 sec; est. remain: 0.8 min
    content:  24/10/2024 13:30:00

- message:
    timestamp:20250316T140648
    from:     EDS
    subject:  Time to process day: 2.2 sec; est. remain: 0.7 min
    content:  25/10/2024 13:30:00

- message:
    timestamp:20250316T140650
    from:     EDS
    subject:  Time to process day: 2.2 sec; est. remain: 0.6 min
    content:  26/10/2024 13:30:00

- message:
    timestamp:20250316T140653
    from:     EDS
    subject:  Time to process day: 2.1 sec; est. remain: 0.6 min
    content:  27/10/2024 13:30:00

- message:
    timestamp:20250316T140655
    from:     EDS
    subject:  Time to process day: 2.0 sec; est. remain: 0.5 min
    content:  28/10/2024 13:30:00

- message:
    timestamp:20250316T140657
    from:     EDS
    subject:  Time to process day: 2.0 sec; est. remain: 0.4 min
    content:  29/10/2024 13:30:00

- message:
    timestamp:20250316T140659
    from:     EDS
    subject:  Time to process day: 2.1 sec; est. remain: 0.4 min
    content:  30/10/2024 13:30:00

- message:
    timestamp:20250316T140701
    from:     EDS
    subject:  Time to process day: 2.1 sec; est. remain: 0.3 min
    content:  31/10/2024 13:30:00

- message:
    timestamp:20250316T140704
    from:     EDS
    subject:  Time to process day: 2.6 sec; est. remain: 0.2 min
    content:  01/11/2024 13:30:00

- message:
    timestamp:20250316T140706
    from:     EDS
    subject:  Time to process day: 2.3 sec; est. remain: 0.2 min
    content:  02/11/2024 13:30:00

- message:
    timestamp:20250316T140708
    from:     EDS
    subject:  Time to process day: 1.9 sec; est. remain: 0.1 min
    content:  03/11/2024 13:30:00

- message:
    timestamp:20250316T140710
    from:     EDS
    subject:  Time to process day: 1.9 sec; est. remain: 0.1 min
    content:  04/11/2024 13:30:00

- message:
    timestamp:20250316T140712
    from:     EDS
    subject:  Time to process day: 2.1 sec; est. remain: 0.0 min
    content:  05/11/2024 11:45:00

- Processing complete timestamp: 20250316T140713

- Shutdown timestamp: 20250316T140714
