- Startup Timestamp: 20250316T141534
- initialize location: 	OW061024_051124C_BED_10_ET0.98926

- Batch Processing

- Processing start timestamp: 20250316T141536
- batch start date time: 06/10/2024 13:45:00
  batch stop date time: 05/11/2024 11:45:00
- update from source: OW061024_051124C_NoOutRange.csv
  update duration:  20250316T141536 --> 20250316T141536
- message:
    timestamp:20250316T141538
    from:     EDS
    subject:  Time to process day: 14.8 sec; est. remain: 7.2 min
    content:  07/10/2024 13:30:00

- message:
    timestamp:20250316T141539
    from:     EDS
    subject:  Time to process day: 1.4 sec; est. remain: 3.8 min
    content:  08/10/2024 13:30:00

- message:
    timestamp:20250316T141541
    from:     EDS
    subject:  Time to process day: 1.7 sec; est. remain: 2.7 min
    content:  09/10/2024 13:30:00

- message:
    timestamp:20250316T141543
    from:     EDS
    subject:  Time to process day: 1.9 sec; est. remain: 2.1 min
    content:  10/10/2024 13:30:00

- message:
    timestamp:20250316T141545
    from:     EDS
    subject:  Time to process day: 1.8 sec; est. remain: 1.8 min
    content:  11/10/2024 13:30:00

- message:
    timestamp:20250316T141547
    from:     EDS
    subject:  Time to process day: 1.7 sec; est. remain: 1.5 min
    content:  12/10/2024 13:30:00

- message:
    timestamp:20250316T141548
    from:     EDS
    subject:  Time to process day: 1.6 sec; est. remain: 1.4 min
    content:  13/10/2024 13:30:00

- message:
    timestamp:20250316T141550
    from:     EDS
    subject:  Time to process day: 1.8 sec; est. remain: 1.2 min
    content:  14/10/2024 13:30:00

- message:
    timestamp:20250316T141552
    from:     EDS
    subject:  Time to process day: 1.9 sec; est. remain: 1.1 min
    content:  15/10/2024 13:30:00

- message:
    timestamp:20250316T141554
    from:     EDS
    subject:  Time to process day: 1.8 sec; est. remain: 1.0 min
    content:  16/10/2024 13:30:00

- message:
    timestamp:20250316T141556
    from:     EDS
    subject:  Time to process day: 1.9 sec; est. remain: 0.9 min
    content:  17/10/2024 13:30:00

- message:
    timestamp:20250316T141557
    from:     EDS
    subject:  Time to process day: 1.7 sec; est. remain: 0.8 min
    content:  18/10/2024 13:30:00

- message:
    timestamp:20250316T141559
    from:     EDS
    subject:  Time to process day: 1.7 sec; est. remain: 0.8 min
    content:  19/10/2024 13:30:00

- message:
    timestamp:20250316T141601
    from:     EDS
    subject:  Time to process day: 1.9 sec; est. remain: 0.7 min
    content:  20/10/2024 13:30:00

- message:
    timestamp:20250316T141603
    from:     EDS
    subject:  Time to process day: 1.8 sec; est. remain: 0.7 min
    content:  21/10/2024 13:30:00

- message:
    timestamp:20250316T141604
    from:     EDS
    subject:  Time to process day: 1.0 sec; est. remain: 0.6 min
    content:  22/10/2024 13:30:00

- message:
    timestamp:20250316T141606
    from:     EDS
    subject:  Time to process day: 1.6 sec; est. remain: 0.5 min
    content:  23/10/2024 13:30:00

- message:
    timestamp:20250316T141608
    from:     EDS
    subject:  Time to process day: 1.9 sec; est. remain: 0.5 min
    content:  24/10/2024 13:30:00

- message:
    timestamp:20250316T141609
    from:     EDS
    subject:  Time to process day: 1.7 sec; est. remain: 0.4 min
    content:  25/10/2024 13:30:00

- message:
    timestamp:20250316T141611
    from:     EDS
    subject:  Time to process day: 1.7 sec; est. remain: 0.4 min
    content:  26/10/2024 13:30:00

- message:
    timestamp:20250316T141613
    from:     EDS
    subject:  Time to process day: 1.9 sec; est. remain: 0.3 min
    content:  27/10/2024 13:30:00

- message:
    timestamp:20250316T141615
    from:     EDS
    subject:  Time to process day: 1.6 sec; est. remain: 0.3 min
    content:  28/10/2024 13:30:00

- message:
    timestamp:20250316T141617
    from:     EDS
    subject:  Time to process day: 1.7 sec; est. remain: 0.3 min
    content:  29/10/2024 13:30:00

- message:
    timestamp:20250316T141618
    from:     EDS
    subject:  Time to process day: 1.9 sec; est. remain: 0.2 min
    content:  30/10/2024 13:30:00

- message:
    timestamp:20250316T141620
    from:     EDS
    subject:  Time to process day: 1.8 sec; est. remain: 0.2 min
    content:  31/10/2024 13:30:00

- message:
    timestamp:20250316T141622
    from:     EDS
    subject:  Time to process day: 1.7 sec; est. remain: 0.1 min
    content:  01/11/2024 13:30:00

- message:
    timestamp:20250316T141624
    from:     EDS
    subject:  Time to process day: 1.7 sec; est. remain: 0.1 min
    content:  02/11/2024 13:30:00

- message:
    timestamp:20250316T141626
    from:     EDS
    subject:  Time to process day: 1.7 sec; est. remain: 0.1 min
    content:  03/11/2024 13:30:00

- message:
    timestamp:20250316T141628
    from:     EDS
    subject:  Time to process day: 2.0 sec; est. remain: 0.0 min
    content:  04/11/2024 13:30:00

- message:
    timestamp:20250316T141629
    from:     EDS
    subject:  Time to process day: 1.5 sec; est. remain: 0.0 min
    content:  05/11/2024 11:45:00

- Processing complete timestamp: 20250316T141630

- Shutdown timestamp: 20250316T141630
