- Startup Timestamp: 20250319T122447
- initialize location: 	OW061024_051124C_ET0.89063

- Batch Processing

- Processing start timestamp: 20250319T122449
- batch start date time: 06/10/2024 13:45:00
  batch stop date time: 05/11/2024 11:45:00
- update from source: OW061024_051124C_NoOutRange.csv
  update duration:  20250319T122450 --> 20250319T122450
- message:
    timestamp:20250319T122451
    from:     EDS
    subject:  Time to process day: 18.1 sec; est. remain: 8.7 min
    content:  07/10/2024 13:30:00

- message:
    timestamp:20250319T122452
    from:     EDS
    subject:  Time to process day: 1.4 sec; est. remain: 4.6 min
    content:  08/10/2024 13:30:00

- message:
    timestamp:20250319T122454
    from:     EDS
    subject:  Time to process day: 1.6 sec; est. remain: 3.2 min
    content:  09/10/2024 13:30:00

- message:
    timestamp:20250319T122456
    from:     EDS
    subject:  Time to process day: 1.7 sec; est. remain: 2.5 min
    content:  10/10/2024 13:30:00

- message:
    timestamp:20250319T122458
    from:     EDS
    subject:  Time to process day: 2.1 sec; est. remain: 2.1 min
    content:  11/10/2024 13:30:00

- message:
    timestamp:20250319T122500
    from:     EDS
    subject:  Time to process day: 2.2 sec; est. remain: 1.8 min
    content:  12/10/2024 13:30:00

- message:
    timestamp:20250319T122502
    from:     EDS
    subject:  Time to process day: 2.1 sec; est. remain: 1.6 min
    content:  13/10/2024 13:30:00

- message:
    timestamp:20250319T122504
    from:     EDS
    subject:  Time to process day: 1.7 sec; est. remain: 1.4 min
    content:  14/10/2024 13:30:00

- message:
    timestamp:20250319T122506
    from:     EDS
    subject:  Time to process day: 1.7 sec; est. remain: 1.3 min
    content:  15/10/2024 13:30:00

- message:
    timestamp:20250319T122508
    from:     EDS
    subject:  Time to process day: 1.7 sec; est. remain: 1.1 min
    content:  16/10/2024 13:30:00

- message:
    timestamp:20250319T122510
    from:     EDS
    subject:  Time to process day: 1.8 sec; est. remain: 1.0 min
    content:  17/10/2024 13:30:00

- message:
    timestamp:20250319T122511
    from:     EDS
    subject:  Time to process day: 1.7 sec; est. remain: 0.9 min
    content:  18/10/2024 13:30:00

- message:
    timestamp:20250319T122513
    from:     EDS
    subject:  Time to process day: 1.8 sec; est. remain: 0.9 min
    content:  19/10/2024 13:30:00

- message:
    timestamp:20250319T122515
    from:     EDS
    subject:  Time to process day: 1.9 sec; est. remain: 0.8 min
    content:  20/10/2024 13:30:00

- message:
    timestamp:20250319T122518
    from:     EDS
    subject:  Time to process day: 2.4 sec; est. remain: 0.7 min
    content:  21/10/2024 13:30:00

- message:
    timestamp:20250319T122520
    from:     EDS
    subject:  Time to process day: 1.6 sec; est. remain: 0.7 min
    content:  22/10/2024 13:30:00

- message:
    timestamp:20250319T122521
    from:     EDS
    subject:  Time to process day: 1.7 sec; est. remain: 0.6 min
    content:  23/10/2024 13:30:00

- message:
    timestamp:20250319T122523
    from:     EDS
    subject:  Time to process day: 1.8 sec; est. remain: 0.5 min
    content:  24/10/2024 13:30:00

- message:
    timestamp:20250319T122525
    from:     EDS
    subject:  Time to process day: 1.8 sec; est. remain: 0.5 min
    content:  25/10/2024 13:30:00

- message:
    timestamp:20250319T122527
    from:     EDS
    subject:  Time to process day: 1.7 sec; est. remain: 0.4 min
    content:  26/10/2024 13:30:00

- message:
    timestamp:20250319T122529
    from:     EDS
    subject:  Time to process day: 1.8 sec; est. remain: 0.4 min
    content:  27/10/2024 13:30:00

- message:
    timestamp:20250319T122530
    from:     EDS
    subject:  Time to process day: 1.8 sec; est. remain: 0.3 min
    content:  28/10/2024 13:30:00

- message:
    timestamp:20250319T122532
    from:     EDS
    subject:  Time to process day: 2.0 sec; est. remain: 0.3 min
    content:  29/10/2024 13:30:00

- message:
    timestamp:20250319T122535
    from:     EDS
    subject:  Time to process day: 2.1 sec; est. remain: 0.2 min
    content:  30/10/2024 13:30:00

- message:
    timestamp:20250319T122537
    from:     EDS
    subject:  Time to process day: 1.8 sec; est. remain: 0.2 min
    content:  31/10/2024 13:30:00

- message:
    timestamp:20250319T122539
    from:     EDS
    subject:  Time to process day: 1.9 sec; est. remain: 0.2 min
    content:  01/11/2024 13:30:00

- message:
    timestamp:20250319T122541
    from:     EDS
    subject:  Time to process day: 2.0 sec; est. remain: 0.1 min
    content:  02/11/2024 13:30:00

- message:
    timestamp:20250319T122543
    from:     EDS
    subject:  Time to process day: 1.9 sec; est. remain: 0.1 min
    content:  03/11/2024 13:30:00

- message:
    timestamp:20250319T122545
    from:     EDS
    subject:  Time to process day: 1.9 sec; est. remain: 0.0 min
    content:  04/11/2024 13:30:00

- message:
    timestamp:20250319T122546
    from:     EDS
    subject:  Time to process day: 1.7 sec; est. remain: 0.0 min
    content:  05/11/2024 11:45:00

- Processing complete timestamp: 20250319T122547

- Shutdown timestamp: 20250319T122548
