# Messenger startup: 20250316T143551
- message:
    timestamp:20250316T143552
    to:       CANARY
    from:     CONTROL
    subject:  WELCOME
    content:  16-Mar-2025 14:35:51

- message:
    timestamp:20250316T143552
    to:       CANARY
    from:     CONTROL
    subject:  START OW061024_051124C_BED_10_ET0.98926

- message:
    timestamp:20250316T143552
    to:       CONTROL
    from:     CANARY
    subject:  START OW061024_051124C_BED_10_ET0.98926 COMPLETED

- message:
    timestamp:20250316T143552
    to:       CANARY
    from:     CONTROL
    subject:  TIMESTEP START
    content:  06/10/2024 13:45:00

- message:
    timestamp:20250316T143552
    to:       CONTROL
    from:     CANARY
    subject:  TIMESTEP START PROCESSED
    content:  06/10/2024 13:45:00

- message:
    timestamp:20250316T143552
    to:       CANARY
    from:     CONTROL
    subject:  TIMESTEP END
    content:  05/11/2024 11:45:00

- message:
    timestamp:20250316T143652
    to:       CONTROL
    from:     CANARY
    subject:  TIMESTEP END PROCESSED
    content:  05/11/2024 11:45:00

- message:
    timestamp:20250316T143652
    to:       CANARY
    from:     CONTROL
    subject:  STOP OW061024_051124C_BED_10_ET0.98926

- message:
    timestamp:20250316T143652
    to:       CONTROL
    from:     CANARY
    subject:  STOP OW061024_051124C_BED_10_ET0.98926 COMPLETED

- message:
    timestamp:20250316T143653
    to:       CANARY
    from:     CONTROL
    subject:  SHUTDOWN

- message:
    timestamp:20250316T143653
    to:       CONTROL
    from:     CANARY
    subject:  SHUTDOWN COMPLETED

- messenger shutdown: "20250316T143654"
