- Startup Timestamp: 20250316T143550
- initialize location: 	OW061024_051124C_BED_10_ET0.98926

- Batch Processing

- Processing start timestamp: 20250316T143552
- batch start date time: 06/10/2024 13:45:00
  batch stop date time: 05/11/2024 11:45:00
- update from source: OW061024_051124C_NoOutRange.csv
  update duration:  20250316T143552 --> 20250316T143553
- message:
    timestamp:20250316T143554
    from:     EDS
    subject:  Time to process day: 47.0 sec; est. remain: 22.7 min
    content:  07/10/2024 13:30:00

- message:
    timestamp:20250316T143555
    from:     EDS
    subject:  Time to process day: 1.5 sec; est. remain: 11.3 min
    content:  08/10/2024 13:30:00

- message:
    timestamp:20250316T143557
    from:     EDS
    subject:  Time to process day: 1.7 sec; est. remain: 7.5 min
    content:  09/10/2024 13:30:00

- message:
    timestamp:20250316T143559
    from:     EDS
    subject:  Time to process day: 1.9 sec; est. remain: 5.6 min
    content:  10/10/2024 13:30:00

- message:
    timestamp:20250316T143601
    from:     EDS
    subject:  Time to process day: 1.7 sec; est. remain: 4.5 min
    content:  11/10/2024 13:30:00

- message:
    timestamp:20250316T143603
    from:     EDS
    subject:  Time to process day: 1.9 sec; est. remain: 3.7 min
    content:  12/10/2024 13:30:00

- message:
    timestamp:20250316T143605
    from:     EDS
    subject:  Time to process day: 1.8 sec; est. remain: 3.1 min
    content:  13/10/2024 13:30:00

- message:
    timestamp:20250316T143607
    from:     EDS
    subject:  Time to process day: 2.1 sec; est. remain: 2.7 min
    content:  14/10/2024 13:30:00

- message:
    timestamp:20250316T143609
    from:     EDS
    subject:  Time to process day: 2.0 sec; est. remain: 2.4 min
    content:  15/10/2024 13:30:00

- message:
    timestamp:20250316T143611
    from:     EDS
    subject:  Time to process day: 2.0 sec; est. remain: 2.1 min
    content:  16/10/2024 13:30:00

- message:
    timestamp:20250316T143613
    from:     EDS
    subject:  Time to process day: 2.0 sec; est. remain: 1.9 min
    content:  17/10/2024 13:30:00

- message:
    timestamp:20250316T143615
    from:     EDS
    subject:  Time to process day: 2.0 sec; est. remain: 1.7 min
    content:  18/10/2024 13:30:00

- message:
    timestamp:20250316T143617
    from:     EDS
    subject:  Time to process day: 2.0 sec; est. remain: 1.5 min
    content:  19/10/2024 13:30:00

- message:
    timestamp:20250316T143619
    from:     EDS
    subject:  Time to process day: 1.9 sec; est. remain: 1.4 min
    content:  20/10/2024 13:30:00

- message:
    timestamp:20250316T143621
    from:     EDS
    subject:  Time to process day: 1.9 sec; est. remain: 1.2 min
    content:  21/10/2024 13:30:00

- message:
    timestamp:20250316T143622
    from:     EDS
    subject:  Time to process day: 1.2 sec; est. remain: 1.1 min
    content:  22/10/2024 13:30:00

- message:
    timestamp:20250316T143624
    from:     EDS
    subject:  Time to process day: 1.7 sec; est. remain: 1.0 min
    content:  23/10/2024 13:30:00

- message:
    timestamp:20250316T143626
    from:     EDS
    subject:  Time to process day: 2.0 sec; est. remain: 0.9 min
    content:  24/10/2024 13:30:00

- message:
    timestamp:20250316T143628
    from:     EDS
    subject:  Time to process day: 1.9 sec; est. remain: 0.8 min
    content:  25/10/2024 13:30:00

- message:
    timestamp:20250316T143630
    from:     EDS
    subject:  Time to process day: 2.1 sec; est. remain: 0.7 min
    content:  26/10/2024 13:30:00

- message:
    timestamp:20250316T143632
    from:     EDS
    subject:  Time to process day: 2.1 sec; est. remain: 0.6 min
    content:  27/10/2024 13:30:00

- message:
    timestamp:20250316T143634
    from:     EDS
    subject:  Time to process day: 2.2 sec; est. remain: 0.5 min
    content:  28/10/2024 13:30:00

- message:
    timestamp:20250316T143637
    from:     EDS
    subject:  Time to process day: 2.2 sec; est. remain: 0.4 min
    content:  29/10/2024 13:30:00

- message:
    timestamp:20250316T143639
    from:     EDS
    subject:  Time to process day: 2.1 sec; est. remain: 0.4 min
    content:  30/10/2024 13:30:00

- message:
    timestamp:20250316T143641
    from:     EDS
    subject:  Time to process day: 2.1 sec; est. remain: 0.3 min
    content:  31/10/2024 13:30:00

- message:
    timestamp:20250316T143643
    from:     EDS
    subject:  Time to process day: 2.0 sec; est. remain: 0.2 min
    content:  01/11/2024 13:30:00

- message:
    timestamp:20250316T143645
    from:     EDS
    subject:  Time to process day: 2.0 sec; est. remain: 0.2 min
    content:  02/11/2024 13:30:00

- message:
    timestamp:20250316T143648
    from:     EDS
    subject:  Time to process day: 2.2 sec; est. remain: 0.1 min
    content:  03/11/2024 13:30:00

- message:
    timestamp:20250316T143650
    from:     EDS
    subject:  Time to process day: 2.0 sec; est. remain: 0.1 min
    content:  04/11/2024 13:30:00

- message:
    timestamp:20250316T143651
    from:     EDS
    subject:  Time to process day: 1.8 sec; est. remain: 0.0 min
    content:  05/11/2024 11:45:00

- Processing complete timestamp: 20250316T143652

- Shutdown timestamp: 20250316T143653
