- Startup Timestamp: 20250316T140943
- initialize location: 	OW061024_051124C_BED_10_ET0.98926

- Batch Processing

- Processing start timestamp: 20250316T140945
- batch start date time: 06/10/2024 13:45:00
  batch stop date time: 05/11/2024 11:45:00
- update from source: OW061024_051124C_NoOutRange.csv
  update duration:  20250316T140945 --> 20250316T140946
- message:
    timestamp:20250316T140947
    from:     EDS
    subject:  Time to process day: 15.0 sec; est. remain: 7.2 min
    content:  07/10/2024 13:30:00

- message:
    timestamp:20250316T140948
    from:     EDS
    subject:  Time to process day: 1.5 sec; est. remain: 3.8 min
    content:  08/10/2024 13:30:00

- message:
    timestamp:20250316T140950
    from:     EDS
    subject:  Time to process day: 1.6 sec; est. remain: 2.7 min
    content:  09/10/2024 13:30:00

- message:
    timestamp:20250316T140952
    from:     EDS
    subject:  Time to process day: 1.7 sec; est. remain: 2.1 min
    content:  10/10/2024 13:30:00

- message:
    timestamp:20250316T140954
    from:     EDS
    subject:  Time to process day: 1.8 sec; est. remain: 1.8 min
    content:  11/10/2024 13:30:00

- message:
    timestamp:20250316T140956
    from:     EDS
    subject:  Time to process day: 1.9 sec; est. remain: 1.6 min
    content:  12/10/2024 13:30:00

- message:
    timestamp:20250316T140958
    from:     EDS
    subject:  Time to process day: 2.0 sec; est. remain: 1.4 min
    content:  13/10/2024 13:30:00

- message:
    timestamp:20250316T141000
    from:     EDS
    subject:  Time to process day: 1.8 sec; est. remain: 1.3 min
    content:  14/10/2024 13:30:00

- message:
    timestamp:20250316T141002
    from:     EDS
    subject:  Time to process day: 1.9 sec; est. remain: 1.1 min
    content:  15/10/2024 13:30:00

- message:
    timestamp:20250316T141004
    from:     EDS
    subject:  Time to process day: 1.8 sec; est. remain: 1.0 min
    content:  16/10/2024 13:30:00

- message:
    timestamp:20250316T141006
    from:     EDS
    subject:  Time to process day: 1.8 sec; est. remain: 0.9 min
    content:  17/10/2024 13:30:00

- message:
    timestamp:20250316T141008
    from:     EDS
    subject:  Time to process day: 1.9 sec; est. remain: 0.9 min
    content:  18/10/2024 13:30:00

- message:
    timestamp:20250316T141009
    from:     EDS
    subject:  Time to process day: 1.9 sec; est. remain: 0.8 min
    content:  19/10/2024 13:30:00

- message:
    timestamp:20250316T141011
    from:     EDS
    subject:  Time to process day: 1.8 sec; est. remain: 0.7 min
    content:  20/10/2024 13:30:00

- message:
    timestamp:20250316T141013
    from:     EDS
    subject:  Time to process day: 1.9 sec; est. remain: 0.7 min
    content:  21/10/2024 13:30:00

- message:
    timestamp:20250316T141014
    from:     EDS
    subject:  Time to process day: 1.2 sec; est. remain: 0.6 min
    content:  22/10/2024 13:30:00

- message:
    timestamp:20250316T141016
    from:     EDS
    subject:  Time to process day: 1.8 sec; est. remain: 0.5 min
    content:  23/10/2024 13:30:00

- message:
    timestamp:20250316T141018
    from:     EDS
    subject:  Time to process day: 1.8 sec; est. remain: 0.5 min
    content:  24/10/2024 13:30:00

- message:
    timestamp:20250316T141020
    from:     EDS
    subject:  Time to process day: 2.0 sec; est. remain: 0.5 min
    content:  25/10/2024 13:30:00

- message:
    timestamp:20250316T141022
    from:     EDS
    subject:  Time to process day: 2.2 sec; est. remain: 0.4 min
    content:  26/10/2024 13:30:00

- message:
    timestamp:20250316T141024
    from:     EDS
    subject:  Time to process day: 1.9 sec; est. remain: 0.4 min
    content:  27/10/2024 13:30:00

- message:
    timestamp:20250316T141027
    from:     EDS
    subject:  Time to process day: 2.1 sec; est. remain: 0.3 min
    content:  28/10/2024 13:30:00

- message:
    timestamp:20250316T141029
    from:     EDS
    subject:  Time to process day: 2.2 sec; est. remain: 0.3 min
    content:  29/10/2024 13:30:00

- message:
    timestamp:20250316T141031
    from:     EDS
    subject:  Time to process day: 2.3 sec; est. remain: 0.2 min
    content:  30/10/2024 13:30:00

- message:
    timestamp:20250316T141033
    from:     EDS
    subject:  Time to process day: 1.9 sec; est. remain: 0.2 min
    content:  31/10/2024 13:30:00

- message:
    timestamp:20250316T141035
    from:     EDS
    subject:  Time to process day: 1.9 sec; est. remain: 0.2 min
    content:  01/11/2024 13:30:00

- message:
    timestamp:20250316T141037
    from:     EDS
    subject:  Time to process day: 1.9 sec; est. remain: 0.1 min
    content:  02/11/2024 13:30:00

- message:
    timestamp:20250316T141039
    from:     EDS
    subject:  Time to process day: 1.9 sec; est. remain: 0.1 min
    content:  03/11/2024 13:30:00

- message:
    timestamp:20250316T141041
    from:     EDS
    subject:  Time to process day: 1.9 sec; est. remain: 0.0 min
    content:  04/11/2024 13:30:00

- message:
    timestamp:20250316T141043
    from:     EDS
    subject:  Time to process day: 1.7 sec; est. remain: 0.0 min
    content:  05/11/2024 11:45:00

- Processing complete timestamp: 20250316T141044

- Shutdown timestamp: 20250316T141044
