# Messenger startup: 20250316T140559
- message:
    timestamp:20250316T140606
    to:       CANARY
    from:     CONTROL
    subject:  WELCOME
    content:  16-Mar-2025 14:05:59

- message:
    timestamp:20250316T140606
    to:       CANARY
    from:     CONTROL
    subject:  START OW061024_051124ET0.98438

- message:
    timestamp:20250316T140606
    to:       CONTROL
    from:     CANARY
    subject:  START OW061024_051124ET0.98438 COMPLETED

- message:
    timestamp:20250316T140606
    to:       CANARY
    from:     CONTROL
    subject:  TIMESTEP START
    content:  06/10/2024 13:45:00

- message:
    timestamp:20250316T140606
    to:       CONTROL
    from:     CANARY
    subject:  TIMESTEP START PROCESSED
    content:  06/10/2024 13:45:00

- message:
    timestamp:20250316T140606
    to:       CANARY
    from:     CONTROL
    subject:  TIMESTEP END
    content:  05/11/2024 11:45:00

- message:
    timestamp:20250316T140713
    to:       CONTROL
    from:     CANARY
    subject:  TIMESTEP END PROCESSED
    content:  05/11/2024 11:45:00

- message:
    timestamp:20250316T140713
    to:       CANARY
    from:     CONTROL
    subject:  STOP OW061024_051124ET0.98438

- message:
    timestamp:20250316T140713
    to:       CONTROL
    from:     CANARY
    subject:  STOP OW061024_051124ET0.98438 COMPLETED

- message:
    timestamp:20250316T140713
    to:       CANARY
    from:     CONTROL
    subject:  SHUTDOWN

- message:
    timestamp:20250316T140714
    to:       CONTROL
    from:     CANARY
    subject:  SHUTDOWN COMPLETED

- messenger shutdown: "20250316T140716"
